GROUP,PACKAGE,CLASS,INSTRUCTION_MISSED,INSTRUCTION_COVERED,BRANCH_MISSED,BRANCH_COVERED,LINE_MISSED,LINE_COVERED,COMPLEXITY_MISSED,COMPLEXITY_COVERED,METHOD_MISSED,METHOD_COVERED
Gestor_titulos_propios,negocio.entities,EstadoCurso,0,39,0,0,0,7,0,1,0,1
Gestor_titulos_propios,negocio.entities,ProfesorExterno,42,0,0,0,11,0,4,0,4,0
Gestor_titulos_propios,negocio.entities,CursoPropio,128,188,17,15,14,50,22,13,6,13
Gestor_titulos_propios,negocio.entities,Vicerrectorado,67,0,0,0,22,0,11,0,11,0
Gestor_titulos_propios,negocio.entities,Centro,52,78,10,6,9,24,12,7,4,7
Gestor_titulos_propios,negocio.entities,ModoPago,0,15,0,0,0,3,0,1,0,1
Gestor_titulos_propios,negocio.entities,Estudiante,63,14,0,0,20,5,11,2,11,2
Gestor_titulos_propios,negocio.entities,Matricula,19,57,0,0,5,20,5,6,5,6
Gestor_titulos_propios,negocio.entities,Materia,16,74,0,0,4,17,4,7,4,7
Gestor_titulos_propios,negocio.entities,Profesor,61,90,11,7,11,27,14,8,5,8
Gestor_titulos_propios,negocio.entities,CategoriaProfesor,0,39,0,0,0,7,0,1,0,1
Gestor_titulos_propios,negocio.entities,ProfesorUCLM,62,94,13,9,8,22,12,4,1,4
Gestor_titulos_propios,negocio.entities,TipoCurso,0,57,0,0,0,10,0,1,0,1
Gestor_titulos_propios,presentacion,PantallaGestionarCursos.new ActionListener() {...},20,0,0,0,4,0,2,0,2,0
Gestor_titulos_propios,presentacion,PantallaPropuestaCurso.new JTable() {...},9,0,0,0,2,0,2,0,2,0
Gestor_titulos_propios,presentacion,PantallaPropuestaCurso.new ActionListener() {...},380,0,20,0,62,0,12,0,2,0
Gestor_titulos_propios,presentacion,PantallaGestionarCursos.new JTable() {...},9,0,0,0,2,0,2,0,2,0
Gestor_titulos_propios,presentacion,PantallaPropuestaCurso.new ActionListener() {...},29,0,0,0,7,0,2,0,2,0
Gestor_titulos_propios,presentacion,PantallaGestionarCursos.new ActionListener() {...},26,0,0,0,5,0,2,0,2,0
Gestor_titulos_propios,presentacion,PantallaPropuestaCurso.new JTable() {...},9,0,0,0,2,0,2,0,2,0
Gestor_titulos_propios,presentacion,PantallaGestionarCursos.new ActionListener() {...},43,0,4,0,7,0,4,0,2,0
Gestor_titulos_propios,presentacion,PantallaPropuestaCurso.new ActionListener() {...},39,0,4,0,8,0,4,0,2,0
Gestor_titulos_propios,presentacion,PantallaGestionarCursos.new ActionListener() {...},47,0,6,0,7,0,5,0,2,0
Gestor_titulos_propios,presentacion,PantallaPropuestaCurso.new ActionListener() {...},197,0,6,0,32,0,5,0,2,0
Gestor_titulos_propios,presentacion,PantallaGestionarCursos.new ActionListener() {...},50,0,4,0,11,0,4,0,2,0
Gestor_titulos_propios,presentacion,PantallaPropuestaCurso.new ListSelectionListener() {...},182,0,24,0,36,0,17,0,2,0
Gestor_titulos_propios,presentacion,PantallaEmpleadosVicerrectorado.new ActionListener() {...},15,0,0,0,4,0,2,0,2,0
Gestor_titulos_propios,presentacion,PantallaEmpleadosVicerrectorado.new ActionListener() {...},32,0,2,0,5,0,3,0,2,0
Gestor_titulos_propios,presentacion,PantallaJefeVicerrectoradoAprobar.new ActionListener() {...},15,0,0,0,4,0,2,0,2,0
Gestor_titulos_propios,presentacion,PantallaDireccionCursos,111,0,0,0,27,0,5,0,5,0
Gestor_titulos_propios,presentacion,PantallaLogin,279,0,0,0,51,0,3,0,3,0
Gestor_titulos_propios,presentacion,PantallaJefeVicerrectoradoAprobar.new ActionListener() {...},32,0,2,0,5,0,3,0,2,0
Gestor_titulos_propios,presentacion,PantallaPropuestaCurso,1750,0,80,0,303,0,52,0,12,0
Gestor_titulos_propios,presentacion,PantallaMatriculacion.new ActionListener() {...},50,0,4,0,13,0,4,0,2,0
Gestor_titulos_propios,presentacion,PantallaMatriculacion.new ActionListener() {...},26,0,0,0,4,0,2,0,2,0
Gestor_titulos_propios,presentacion,PantallaLogin.new Runnable() {...},16,0,0,0,7,0,2,0,2,0
Gestor_titulos_propios,presentacion,PantallaLogin.new ActionListener() {...},25,0,0,0,5,0,2,0,2,0
Gestor_titulos_propios,presentacion,PantallaLogin.new ActionListener() {...},22,0,0,0,5,0,2,0,2,0
Gestor_titulos_propios,presentacion,PantallaDatosCurso,606,0,20,0,104,0,17,0,7,0
Gestor_titulos_propios,presentacion,PantallaLogin.new ActionListener() {...},16,0,0,0,4,0,2,0,2,0
Gestor_titulos_propios,presentacion,PantallaLogin.new ActionListener() {...},16,0,0,0,4,0,2,0,2,0
Gestor_titulos_propios,presentacion,PantallaMatriculacion,324,0,0,0,60,0,5,0,5,0
Gestor_titulos_propios,presentacion,PantallaEmpleadosVicerrectorado,164,0,4,0,41,0,7,0,5,0
Gestor_titulos_propios,presentacion,PantallaLogin.new ActionListener() {...},9,0,0,0,3,0,2,0,2,0
Gestor_titulos_propios,presentacion,PantallaJefeVicerrectoradoAprobar,168,0,4,0,41,0,7,0,5,0
Gestor_titulos_propios,presentacion,PantallaDireccionCursos.new ActionListener() {...},21,0,0,0,4,0,2,0,2,0
Gestor_titulos_propios,presentacion,PantallaDireccionCursos.new ActionListener() {...},15,0,0,0,4,0,2,0,2,0
Gestor_titulos_propios,presentacion,PantallaDireccionCursos.new ActionListener() {...},20,0,0,0,4,0,2,0,2,0
Gestor_titulos_propios,presentacion,PantallaCursosAprobados.new ActionListener() {...},39,0,2,0,5,0,3,0,2,0
Gestor_titulos_propios,presentacion,PantallaCursosAprobados.new ActionListener() {...},35,0,4,0,5,0,4,0,2,0
Gestor_titulos_propios,presentacion,PantallaJefeGabineteVicerrectorado.new Runnable() {...},15,0,0,0,7,0,2,0,2,0
Gestor_titulos_propios,presentacion,PantallaJefeGabineteVicerrectorado.new ActionListener() {...},15,0,0,0,4,0,2,0,2,0
Gestor_titulos_propios,presentacion,PantallaAlumno.new ActionListener() {...},17,0,0,0,4,0,2,0,2,0
Gestor_titulos_propios,presentacion,PantallaAlumno.new ActionListener() {...},15,0,0,0,4,0,2,0,2,0
Gestor_titulos_propios,presentacion,PantallaCursosAprobados,166,0,4,0,40,0,6,0,4,0
Gestor_titulos_propios,presentacion,PantallaDatosCurso.new ActionListener() {...},37,0,4,0,5,0,4,0,2,0
Gestor_titulos_propios,presentacion,PantallaDatosCurso.new ActionListener() {...},95,0,10,0,20,0,7,0,2,0
Gestor_titulos_propios,presentacion,PantallaGestionarCursos,260,0,4,0,55,0,6,0,4,0
Gestor_titulos_propios,presentacion,PantallaAlumno,86,0,0,0,23,0,5,0,5,0
Gestor_titulos_propios,presentacion,PantallaDatosCurso.new ActionListener() {...},22,0,0,0,5,0,2,0,2,0
Gestor_titulos_propios,presentacion,PantallaDatosCurso.new ActionListener() {...},17,0,0,0,4,0,2,0,2,0
Gestor_titulos_propios,presentacion,PantallaDatosCurso.new JTable() {...},9,0,0,0,2,0,2,0,2,0
Gestor_titulos_propios,presentacion,DateLabelFormatter,13,18,2,0,4,4,2,2,1,2
Gestor_titulos_propios,presentacion,PantallaJefeGabineteVicerrectorado,94,0,0,0,20,0,2,0,2,0
Gestor_titulos_propios,negocio.controllers,ConsultasException,3,0,0,0,1,0,1,0,1,0
Gestor_titulos_propios,negocio.controllers,ConsultasException.TipoCursoErroneoException,0,4,0,0,0,2,0,1,0,1
Gestor_titulos_propios,negocio.controllers,CursoException.CursoNoEliminadoException,0,4,0,0,0,2,0,1,0,1
Gestor_titulos_propios,negocio.controllers,GestorMD5,19,24,1,1,4,6,2,1,1,1
Gestor_titulos_propios,negocio.controllers,MatriculaException.MatriculaErroneaException,0,4,0,0,0,2,0,1,0,1
Gestor_titulos_propios,negocio.controllers,GestorConsultas,0,149,1,9,0,33,1,15,0,11
Gestor_titulos_propios,negocio.controllers,CursoException,3,0,0,0,1,0,1,0,1,0
Gestor_titulos_propios,negocio.controllers,CursoException.CursoNoEditadoException,4,0,0,0,2,0,1,0,1,0
Gestor_titulos_propios,negocio.controllers,CursoException.CursoErroneoException,0,4,0,0,0,2,0,1,0,1
Gestor_titulos_propios,negocio.controllers,GestorPropuestasCursos,35,93,8,20,8,23,7,14,0,7
Gestor_titulos_propios,negocio.controllers,ConsultasException.EstadoCursoErroneoException,0,4,0,0,0,2,0,1,0,1
Gestor_titulos_propios,negocio.controllers,GestorMatriculacion,92,85,18,16,23,16,16,8,3,4
Gestor_titulos_propios,negocio.controllers,MatriculaException.MatriculaNoEditadaException,4,0,0,0,2,0,1,0,1,0
Gestor_titulos_propios,negocio.controllers,CursoException.CursoNoCreadoException,4,0,0,0,2,0,1,0,1,0
Gestor_titulos_propios,negocio.controllers,MatriculaException.MatriculaNoCreadaException,4,0,0,0,2,0,1,0,1,0
Gestor_titulos_propios,negocio.controllers,MatriculaException,3,0,0,0,1,0,1,0,1,0
Gestor_titulos_propios,negocio.controllers,ConsultasException.ProfesorErroneoException,0,4,0,0,0,2,0,1,0,1
Gestor_titulos_propios,negocio.controllers,CursoException.CursoNoExisteException,0,4,0,0,0,2,0,1,0,1
Gestor_titulos_propios,persistencia,VicerrectoradoDAO,51,0,0,0,8,0,2,0,2,0
Gestor_titulos_propios,persistencia,GestorBD,17,114,0,6,7,38,2,13,2,10
Gestor_titulos_propios,persistencia,ProfesorUCLMDAO,161,79,0,2,24,14,4,3,4,2
Gestor_titulos_propios,persistencia,ProfesorExternoDAO,151,0,0,0,24,0,5,0,5,0
Gestor_titulos_propios,persistencia,MateriaDAO,121,174,0,2,16,24,2,5,2,4
Gestor_titulos_propios,persistencia,BDConstantes,3,0,0,0,1,0,1,0,1,0
Gestor_titulos_propios,persistencia,EstudianteDAO,166,9,0,0,27,2,4,1,4,1
Gestor_titulos_propios,persistencia,MatriculaDAO,176,157,0,2,25,21,2,5,2,4
Gestor_titulos_propios,persistencia,CentroDAO,140,57,0,2,23,11,4,3,4,2
Gestor_titulos_propios,persistencia,AbstractEntityDAO,6,0,0,0,3,0,2,0,2,0
Gestor_titulos_propios,persistencia,CursoPropioDAO,249,1077,16,28,42,177,14,18,1,9
Gestor_titulos_propios,persistencia,ProfesorDAO,86,126,0,2,14,22,2,5,2,4
Gestor_titulos_propios,negocio,Prueba,61,0,0,0,23,0,3,0,3,0
